		     \||||||||||||||||||/
		   --- Welcome to Maude ---
		     /||||||||||||||||||\
	   Maude 2.7.1 built: Jun 27 2016 16:35:16
	    Copyright 1997-2016 SRI International
		   Sun Nov 18 13:33:23 2018
==========================================
search [1] in ANALYSIS : initConfig =>! C:Config 
< M:Address : Monitor | AS:AttributeSet,log: LOG:Log > such that not ua(
    LOG:Log) = true .

Solution 1 (state 1365)
states: 1413  rewrites: 40088 in 64ms cpu (63ms real) (626375 rewrites/second)
C:Config --> 
< 1 : Replica | datastore: (version(k1, [0], eptTS, empty), version(k1, [2],
    ts(1, 2), empty), version(k1, [2], ts(2, 2), empty), version(k2, [0],
    eptTS, empty)),sqn: 2,executing: noActor,committed: 
< 1 . 1 : Txn | operations: ((k1l :=read k1) write(k1, 2)),localVars: (k1l |->
    [0]),latest: (k1 |-> ts(-1, -1)),readSet: < k1,< 0,0 > >,writeSet: < k1,[2]
    >,version: < 1,2 > >,gotTxns: emptyTxnList,voteSites: voteSites(1 . 1,
    empty),latestCommit: (k1 |-> ts(2, 2)),1stGetSites: no1st,2ndGetSites:
    no2nd,commitSites: voteSites(1 . 1, empty) > 
< 2 : Replica | datastore: empty,sqn: 2,executing: noActor,committed: 
< 2 . 1 : Txn | operations: ((k1l :=read k1) write(k1, 2)),localVars: (k1l |->
    [0]),latest: (k1 |-> ts(-1, -1)),readSet: < k1,< 0,0 > >,writeSet: < k1,[2]
    >,version: < 2,2 > >,gotTxns: emptyTxnList,voteSites: voteSites(2 . 1,
    empty),latestCommit: empty,1stGetSites: no1st,2ndGetSites: no2nd,
    commitSites: voteSites(2 . 1, empty) > 
< 0 . 1 : Table | table: [replicatingSites(k1, 1) ;; replicatingSites(k2, 1)] >
M:Address --> 0 . 2
AS:AttributeSet --> clock: 4
LOG:Log --> 1 . 1 |-> < 1 |-> 0,1 |-> 2,true,< k1,< 0,0 > >,< k1,< 1,2 > > >, 2
    . 1 |-> < 2 |-> 1,2 |-> 3,true,< k1,< 0,0 > >,< k1,< 2,2 > > >
Bye.
Sun Nov 18 13:33:23 CST 2018
